[0.008s] Invoking command in '/home/emanuel/UAH/TFG/ROS2-tutorial/lab_1/build/lab1_pkg': CMAKE_PREFIX_PATH=${CMAKE_PREFIX_PATH}:/opt/ros/humble /usr/bin/cmake --build /home/emanuel/UAH/TFG/ROS2-tutorial/lab_1/build/lab1_pkg -- -j12 -l12
[0.029s] -- Found ament_cmake: 1.3.11 (/opt/ros/humble/share/ament_cmake/cmake)
[0.133s] -- Found rclcpp: 16.0.11 (/opt/ros/humble/share/rclcpp/cmake)
[0.153s] -- Found rosidl_generator_c: 3.1.6 (/opt/ros/humble/share/rosidl_generator_c/cmake)
[0.154s] -- Found rosidl_adapter: 3.1.6 (/opt/ros/humble/share/rosidl_adapter/cmake)
[0.158s] -- Found rosidl_generator_cpp: 3.1.6 (/opt/ros/humble/share/rosidl_generator_cpp/cmake)
[0.164s] -- Using all available rosidl_typesupport_c: rosidl_typesupport_fastrtps_c;rosidl_typesupport_introspection_c
[0.171s] -- Using all available rosidl_typesupport_cpp: rosidl_typesupport_fastrtps_cpp;rosidl_typesupport_introspection_cpp
[0.192s] -- Found rmw_implementation_cmake: 6.1.2 (/opt/ros/humble/share/rmw_implementation_cmake/cmake)
[0.193s] -- Found rmw_fastrtps_cpp: 6.2.7 (/opt/ros/humble/share/rmw_fastrtps_cpp/cmake)
[0.270s] -- Using RMW implementation 'rmw_fastrtps_cpp' as default
[0.301s] -- Found rclpy: 3.3.15 (/opt/ros/humble/share/rclpy/cmake)
[0.301s] -- Found ackermann_msgs: 2.0.2 (/opt/ros/humble/share/ackermann_msgs/cmake)
[0.310s] -- Found ament_lint_auto: 0.12.11 (/opt/ros/humble/share/ament_lint_auto/cmake)
[0.359s] -- Added test 'cppcheck' to perform static code analysis on C / C++ code
[0.359s] -- Configured cppcheck include dirs: 
[0.359s] -- Configured cppcheck exclude dirs and/or files: 
[0.359s] -- Added test 'flake8' to check Python code syntax and style conventions
[0.360s] -- Added test 'lint_cmake' to check CMake code style
[0.361s] -- Added test 'pep257' to check Python code against some of the docstring style conventions in PEP 257
[0.364s] -- Added test 'uncrustify' to check C / C++ code style
[0.364s] -- Configured uncrustify additional arguments: 
[0.364s] -- Added test 'xmllint' to check XML markup files
[0.365s] -- Configuring done
[0.372s] -- Generating done
[0.375s] -- Build files have been written to: /home/emanuel/UAH/TFG/ROS2-tutorial/lab_1/build/lab1_pkg
[0.396s] [35m[1mConsolidate compiler generated dependencies of target talker[0m
[0.396s] [35m[1mConsolidate compiler generated dependencies of target relay[0m
[0.409s] [100%] Built target relay
[0.409s] [100%] Built target talker
[0.423s] Invoked command in '/home/emanuel/UAH/TFG/ROS2-tutorial/lab_1/build/lab1_pkg' returned '0': CMAKE_PREFIX_PATH=${CMAKE_PREFIX_PATH}:/opt/ros/humble /usr/bin/cmake --build /home/emanuel/UAH/TFG/ROS2-tutorial/lab_1/build/lab1_pkg -- -j12 -l12
[0.437s] Invoking command in '/home/emanuel/UAH/TFG/ROS2-tutorial/lab_1/build/lab1_pkg': CMAKE_PREFIX_PATH=${CMAKE_PREFIX_PATH}:/opt/ros/humble /usr/bin/cmake --install /home/emanuel/UAH/TFG/ROS2-tutorial/lab_1/build/lab1_pkg
[0.447s] -- Install configuration: ""
[0.447s] -- Up-to-date: /home/emanuel/UAH/TFG/ROS2-tutorial/lab_1/install/lab1_pkg/lib/lab1_pkg/talker
[0.447s] -- Up-to-date: /home/emanuel/UAH/TFG/ROS2-tutorial/lab_1/install/lab1_pkg/lib/lab1_pkg/relay
[0.448s] -- Up-to-date: /home/emanuel/UAH/TFG/ROS2-tutorial/lab_1/install/lab1_pkg/share/ament_index/resource_index/package_run_dependencies/lab1_pkg
[0.448s] -- Installing: /home/emanuel/UAH/TFG/ROS2-tutorial/lab_1/install/lab1_pkg/share/ament_index/resource_index/parent_prefix_path/lab1_pkg
[0.448s] -- Up-to-date: /home/emanuel/UAH/TFG/ROS2-tutorial/lab_1/install/lab1_pkg/share/lab1_pkg/environment/ament_prefix_path.sh
[0.448s] -- Installing: /home/emanuel/UAH/TFG/ROS2-tutorial/lab_1/install/lab1_pkg/share/lab1_pkg/environment/ament_prefix_path.dsv
[0.448s] -- Up-to-date: /home/emanuel/UAH/TFG/ROS2-tutorial/lab_1/install/lab1_pkg/share/lab1_pkg/environment/path.sh
[0.448s] -- Installing: /home/emanuel/UAH/TFG/ROS2-tutorial/lab_1/install/lab1_pkg/share/lab1_pkg/environment/path.dsv
[0.448s] -- Up-to-date: /home/emanuel/UAH/TFG/ROS2-tutorial/lab_1/install/lab1_pkg/share/lab1_pkg/local_setup.bash
[0.448s] -- Up-to-date: /home/emanuel/UAH/TFG/ROS2-tutorial/lab_1/install/lab1_pkg/share/lab1_pkg/local_setup.sh
[0.449s] -- Up-to-date: /home/emanuel/UAH/TFG/ROS2-tutorial/lab_1/install/lab1_pkg/share/lab1_pkg/local_setup.zsh
[0.449s] -- Installing: /home/emanuel/UAH/TFG/ROS2-tutorial/lab_1/install/lab1_pkg/share/lab1_pkg/local_setup.dsv
[0.449s] -- Installing: /home/emanuel/UAH/TFG/ROS2-tutorial/lab_1/install/lab1_pkg/share/lab1_pkg/package.dsv
[0.449s] -- Up-to-date: /home/emanuel/UAH/TFG/ROS2-tutorial/lab_1/install/lab1_pkg/share/ament_index/resource_index/packages/lab1_pkg
[0.449s] -- Up-to-date: /home/emanuel/UAH/TFG/ROS2-tutorial/lab_1/install/lab1_pkg/share/lab1_pkg/cmake/lab1_pkgConfig.cmake
[0.449s] -- Up-to-date: /home/emanuel/UAH/TFG/ROS2-tutorial/lab_1/install/lab1_pkg/share/lab1_pkg/cmake/lab1_pkgConfig-version.cmake
[0.450s] -- Up-to-date: /home/emanuel/UAH/TFG/ROS2-tutorial/lab_1/install/lab1_pkg/share/lab1_pkg/package.xml
[0.450s] -- Installing: /home/emanuel/UAH/TFG/ROS2-tutorial/lab_1/install/lab1_pkg/share/lab1_pkg/launch
[0.450s] -- Installing: /home/emanuel/UAH/TFG/ROS2-tutorial/lab_1/install/lab1_pkg/share/lab1_pkg/launch/lab1_launch.py
[0.451s] Invoked command in '/home/emanuel/UAH/TFG/ROS2-tutorial/lab_1/build/lab1_pkg' returned '0': CMAKE_PREFIX_PATH=${CMAKE_PREFIX_PATH}:/opt/ros/humble /usr/bin/cmake --install /home/emanuel/UAH/TFG/ROS2-tutorial/lab_1/build/lab1_pkg
