-- Found ament_cmake: 1.3.11 (/opt/ros/humble/share/ament_cmake/cmake)
-- Found rclcpp: 16.0.11 (/opt/ros/humble/share/rclcpp/cmake)
-- Found rosidl_generator_c: 3.1.6 (/opt/ros/humble/share/rosidl_generator_c/cmake)
-- Found rosidl_adapter: 3.1.6 (/opt/ros/humble/share/rosidl_adapter/cmake)
-- Found rosidl_generator_cpp: 3.1.6 (/opt/ros/humble/share/rosidl_generator_cpp/cmake)
-- Using all available rosidl_typesupport_c: rosidl_typesupport_fastrtps_c;rosidl_typesupport_introspection_c
-- Using all available rosidl_typesupport_cpp: rosidl_typesupport_fastrtps_cpp;rosidl_typesupport_introspection_cpp
-- Found rmw_implementation_cmake: 6.1.2 (/opt/ros/humble/share/rmw_implementation_cmake/cmake)
-- Found rmw_fastrtps_cpp: 6.2.7 (/opt/ros/humble/share/rmw_fastrtps_cpp/cmake)
-- Using RMW implementation 'rmw_fastrtps_cpp' as default
-- Found rclpy: 3.3.15 (/opt/ros/humble/share/rclpy/cmake)
-- Found ackermann_msgs: 2.0.2 (/opt/ros/humble/share/ackermann_msgs/cmake)
-- Found ament_lint_auto: 0.12.11 (/opt/ros/humble/share/ament_lint_auto/cmake)
-- Added test 'lint_cmake' to check CMake code style
-- Added test 'xmllint' to check XML markup files
-- Configuring done
-- Generating done
-- Build files have been written to: /home/emanuel/UAH/TFG/ROS2-tutorial/lab_1/build/lab1_pkg
-- Install configuration: ""
-- Installing: /home/emanuel/UAH/TFG/ROS2-tutorial/lab_1/install/lab1_pkg/share/ament_index/resource_index/package_run_dependencies/lab1_pkg
-- Installing: /home/emanuel/UAH/TFG/ROS2-tutorial/lab_1/install/lab1_pkg/share/ament_index/resource_index/parent_prefix_path/lab1_pkg
-- Installing: /home/emanuel/UAH/TFG/ROS2-tutorial/lab_1/install/lab1_pkg/share/lab1_pkg/environment/ament_prefix_path.sh
-- Installing: /home/emanuel/UAH/TFG/ROS2-tutorial/lab_1/install/lab1_pkg/share/lab1_pkg/environment/ament_prefix_path.dsv
-- Installing: /home/emanuel/UAH/TFG/ROS2-tutorial/lab_1/install/lab1_pkg/share/lab1_pkg/environment/path.sh
-- Installing: /home/emanuel/UAH/TFG/ROS2-tutorial/lab_1/install/lab1_pkg/share/lab1_pkg/environment/path.dsv
-- Installing: /home/emanuel/UAH/TFG/ROS2-tutorial/lab_1/install/lab1_pkg/share/lab1_pkg/local_setup.bash
-- Installing: /home/emanuel/UAH/TFG/ROS2-tutorial/lab_1/install/lab1_pkg/share/lab1_pkg/local_setup.sh
-- Installing: /home/emanuel/UAH/TFG/ROS2-tutorial/lab_1/install/lab1_pkg/share/lab1_pkg/local_setup.zsh
-- Installing: /home/emanuel/UAH/TFG/ROS2-tutorial/lab_1/install/lab1_pkg/share/lab1_pkg/local_setup.dsv
-- Installing: /home/emanuel/UAH/TFG/ROS2-tutorial/lab_1/install/lab1_pkg/share/lab1_pkg/package.dsv
-- Installing: /home/emanuel/UAH/TFG/ROS2-tutorial/lab_1/install/lab1_pkg/share/ament_index/resource_index/packages/lab1_pkg
-- Installing: /home/emanuel/UAH/TFG/ROS2-tutorial/lab_1/install/lab1_pkg/share/lab1_pkg/cmake/lab1_pkgConfig.cmake
-- Installing: /home/emanuel/UAH/TFG/ROS2-tutorial/lab_1/install/lab1_pkg/share/lab1_pkg/cmake/lab1_pkgConfig-version.cmake
-- Installing: /home/emanuel/UAH/TFG/ROS2-tutorial/lab_1/install/lab1_pkg/share/lab1_pkg/package.xml
