[0.007s] Invoking command in '/home/emanuel/UAH/TFG/ROS2-tutorial/lab_1/build/lab1_pkg': CMAKE_PREFIX_PATH=/opt/ros/humble /usr/bin/cmake /home/emanuel/UAH/TFG/ROS2-tutorial/lab_1/src/lab1_pkg -DCMAKE_INSTALL_PREFIX=/home/emanuel/UAH/TFG/ROS2-tutorial/lab_1/install/lab1_pkg
[0.018s] -- Found ament_cmake: 1.3.11 (/opt/ros/humble/share/ament_cmake/cmake)
[0.119s] -- Found rclcpp: 16.0.11 (/opt/ros/humble/share/rclcpp/cmake)
[0.139s] -- Found rosidl_generator_c: 3.1.6 (/opt/ros/humble/share/rosidl_generator_c/cmake)
[0.141s] -- Found rosidl_adapter: 3.1.6 (/opt/ros/humble/share/rosidl_adapter/cmake)
[0.145s] -- Found rosidl_generator_cpp: 3.1.6 (/opt/ros/humble/share/rosidl_generator_cpp/cmake)
[0.152s] -- Using all available rosidl_typesupport_c: rosidl_typesupport_fastrtps_c;rosidl_typesupport_introspection_c
[0.160s] -- Using all available rosidl_typesupport_cpp: rosidl_typesupport_fastrtps_cpp;rosidl_typesupport_introspection_cpp
[0.180s] -- Found rmw_implementation_cmake: 6.1.2 (/opt/ros/humble/share/rmw_implementation_cmake/cmake)
[0.181s] -- Found rmw_fastrtps_cpp: 6.2.7 (/opt/ros/humble/share/rmw_fastrtps_cpp/cmake)
[0.255s] -- Using RMW implementation 'rmw_fastrtps_cpp' as default
[0.286s] -- Found rclpy: 3.3.15 (/opt/ros/humble/share/rclpy/cmake)
[0.287s] -- Found ackermann_msgs: 2.0.2 (/opt/ros/humble/share/ackermann_msgs/cmake)
[0.296s] -- Found ament_lint_auto: 0.12.11 (/opt/ros/humble/share/ament_lint_auto/cmake)
[0.353s] -- Added test 'lint_cmake' to check CMake code style
[0.354s] -- Added test 'xmllint' to check XML markup files
[0.355s] -- Configuring done
[0.357s] -- Generating done
[0.359s] -- Build files have been written to: /home/emanuel/UAH/TFG/ROS2-tutorial/lab_1/build/lab1_pkg
[0.364s] Invoked command in '/home/emanuel/UAH/TFG/ROS2-tutorial/lab_1/build/lab1_pkg' returned '0': CMAKE_PREFIX_PATH=/opt/ros/humble /usr/bin/cmake /home/emanuel/UAH/TFG/ROS2-tutorial/lab_1/src/lab1_pkg -DCMAKE_INSTALL_PREFIX=/home/emanuel/UAH/TFG/ROS2-tutorial/lab_1/install/lab1_pkg
[0.365s] Invoking command in '/home/emanuel/UAH/TFG/ROS2-tutorial/lab_1/build/lab1_pkg': CMAKE_PREFIX_PATH=/opt/ros/humble /usr/bin/cmake --build /home/emanuel/UAH/TFG/ROS2-tutorial/lab_1/build/lab1_pkg -- -j12 -l12
[0.409s] Invoked command in '/home/emanuel/UAH/TFG/ROS2-tutorial/lab_1/build/lab1_pkg' returned '0': CMAKE_PREFIX_PATH=/opt/ros/humble /usr/bin/cmake --build /home/emanuel/UAH/TFG/ROS2-tutorial/lab_1/build/lab1_pkg -- -j12 -l12
[0.422s] Invoking command in '/home/emanuel/UAH/TFG/ROS2-tutorial/lab_1/build/lab1_pkg': CMAKE_PREFIX_PATH=/opt/ros/humble /usr/bin/cmake --install /home/emanuel/UAH/TFG/ROS2-tutorial/lab_1/build/lab1_pkg
[0.431s] -- Install configuration: ""
[0.431s] -- Installing: /home/emanuel/UAH/TFG/ROS2-tutorial/lab_1/install/lab1_pkg/share/ament_index/resource_index/package_run_dependencies/lab1_pkg
[0.431s] -- Installing: /home/emanuel/UAH/TFG/ROS2-tutorial/lab_1/install/lab1_pkg/share/ament_index/resource_index/parent_prefix_path/lab1_pkg
[0.431s] -- Installing: /home/emanuel/UAH/TFG/ROS2-tutorial/lab_1/install/lab1_pkg/share/lab1_pkg/environment/ament_prefix_path.sh
[0.432s] -- Installing: /home/emanuel/UAH/TFG/ROS2-tutorial/lab_1/install/lab1_pkg/share/lab1_pkg/environment/ament_prefix_path.dsv
[0.432s] -- Installing: /home/emanuel/UAH/TFG/ROS2-tutorial/lab_1/install/lab1_pkg/share/lab1_pkg/environment/path.sh
[0.432s] -- Installing: /home/emanuel/UAH/TFG/ROS2-tutorial/lab_1/install/lab1_pkg/share/lab1_pkg/environment/path.dsv
[0.432s] -- Installing: /home/emanuel/UAH/TFG/ROS2-tutorial/lab_1/install/lab1_pkg/share/lab1_pkg/local_setup.bash
[0.432s] -- Installing: /home/emanuel/UAH/TFG/ROS2-tutorial/lab_1/install/lab1_pkg/share/lab1_pkg/local_setup.sh
[0.432s] -- Installing: /home/emanuel/UAH/TFG/ROS2-tutorial/lab_1/install/lab1_pkg/share/lab1_pkg/local_setup.zsh
[0.432s] -- Installing: /home/emanuel/UAH/TFG/ROS2-tutorial/lab_1/install/lab1_pkg/share/lab1_pkg/local_setup.dsv
[0.432s] -- Installing: /home/emanuel/UAH/TFG/ROS2-tutorial/lab_1/install/lab1_pkg/share/lab1_pkg/package.dsv
[0.433s] -- Installing: /home/emanuel/UAH/TFG/ROS2-tutorial/lab_1/install/lab1_pkg/share/ament_index/resource_index/packages/lab1_pkg
[0.433s] -- Installing: /home/emanuel/UAH/TFG/ROS2-tutorial/lab_1/install/lab1_pkg/share/lab1_pkg/cmake/lab1_pkgConfig.cmake
[0.433s] -- Installing: /home/emanuel/UAH/TFG/ROS2-tutorial/lab_1/install/lab1_pkg/share/lab1_pkg/cmake/lab1_pkgConfig-version.cmake
[0.433s] -- Installing: /home/emanuel/UAH/TFG/ROS2-tutorial/lab_1/install/lab1_pkg/share/lab1_pkg/package.xml
[0.434s] Invoked command in '/home/emanuel/UAH/TFG/ROS2-tutorial/lab_1/build/lab1_pkg' returned '0': CMAKE_PREFIX_PATH=/opt/ros/humble /usr/bin/cmake --install /home/emanuel/UAH/TFG/ROS2-tutorial/lab_1/build/lab1_pkg
