[0.006s] Invoking command in '/home/emanuel/UAH/TFG/ROS2-tutorial/lab_1/build/lab1_pkg': CMAKE_PREFIX_PATH=/opt/ros/humble /usr/bin/cmake /home/emanuel/UAH/TFG/ROS2-tutorial/lab_1/src/lab1_pkg -DCMAKE_INSTALL_PREFIX=/home/emanuel/UAH/TFG/ROS2-tutorial/lab_1/install/lab1_pkg
[0.142s] -- The C compiler identification is GNU 11.4.0
[0.257s] -- The CXX compiler identification is GNU 11.4.0
[0.273s] -- Detecting C compiler ABI info
[0.368s] -- Detecting C compiler ABI info - done
[0.379s] -- Check for working C compiler: /usr/bin/cc - skipped
[0.380s] -- Detecting C compile features
[0.381s] -- Detecting C compile features - done
[0.386s] -- Detecting CXX compiler ABI info
[0.486s] -- Detecting CXX compiler ABI info - done
[0.491s] -- Check for working CXX compiler: /usr/bin/c++ - skipped
[0.491s] -- Detecting CXX compile features
[0.491s] -- Detecting CXX compile features - done
[0.496s] -- Found ament_cmake: 1.3.11 (/opt/ros/humble/share/ament_cmake/cmake)
[0.642s] -- Found Python3: /usr/bin/python3 (found version "3.10.12") found components: Interpreter 
[0.722s] -- Found rclcpp: 16.0.11 (/opt/ros/humble/share/rclcpp/cmake)
[0.762s] -- Found rosidl_generator_c: 3.1.6 (/opt/ros/humble/share/rosidl_generator_c/cmake)
[0.766s] -- Found rosidl_adapter: 3.1.6 (/opt/ros/humble/share/rosidl_adapter/cmake)
[0.773s] -- Found rosidl_generator_cpp: 3.1.6 (/opt/ros/humble/share/rosidl_generator_cpp/cmake)
[0.786s] -- Using all available rosidl_typesupport_c: rosidl_typesupport_fastrtps_c;rosidl_typesupport_introspection_c
[0.800s] -- Using all available rosidl_typesupport_cpp: rosidl_typesupport_fastrtps_cpp;rosidl_typesupport_introspection_cpp
[0.839s] -- Found rmw_implementation_cmake: 6.1.2 (/opt/ros/humble/share/rmw_implementation_cmake/cmake)
[0.841s] -- Found rmw_fastrtps_cpp: 6.2.7 (/opt/ros/humble/share/rmw_fastrtps_cpp/cmake)
[0.958s] -- Found OpenSSL: /usr/lib/x86_64-linux-gnu/libcrypto.so (found version "3.0.2")  
[0.993s] -- Found FastRTPS: /opt/ros/humble/include  
[1.024s] -- Using RMW implementation 'rmw_fastrtps_cpp' as default
[1.032s] -- Looking for pthread.h
[1.115s] -- Looking for pthread.h - found
[1.116s] -- Performing Test CMAKE_HAVE_LIBC_PTHREAD
[1.213s] -- Performing Test CMAKE_HAVE_LIBC_PTHREAD - Success
[1.215s] -- Found Threads: TRUE  
[1.264s] -- Found rclpy: 3.3.15 (/opt/ros/humble/share/rclpy/cmake)
[1.269s] [31mCMake Error at CMakeLists.txt:12 (find_package):
[1.269s]   By not providing "Findackermann_msgs.cmake" in CMAKE_MODULE_PATH this
[1.270s]   project has asked CMake to find a package configuration file provided by
[1.270s]   "ackermann_msgs", but CMake did not find one.
[1.270s] 
[1.270s]   Could not find a package configuration file provided by "ackermann_msgs"
[1.270s]   with any of the following names:
[1.270s] 
[1.270s]     ackermann_msgsConfig.cmake
[1.270s]     ackermann_msgs-config.cmake
[1.270s] 
[1.270s]   Add the installation prefix of "ackermann_msgs" to CMAKE_PREFIX_PATH or set
[1.270s]   "ackermann_msgs_DIR" to a directory containing one of the above files.  If
[1.270s]   "ackermann_msgs" provides a separate development package or SDK, be sure it
[1.270s]   has been installed.
[1.270s] 
[1.270s] [0m
[1.270s] -- Configuring incomplete, errors occurred!
[1.270s] See also "/home/emanuel/UAH/TFG/ROS2-tutorial/lab_1/build/lab1_pkg/CMakeFiles/CMakeOutput.log".
[1.275s] Invoked command in '/home/emanuel/UAH/TFG/ROS2-tutorial/lab_1/build/lab1_pkg' returned '1': CMAKE_PREFIX_PATH=/opt/ros/humble /usr/bin/cmake /home/emanuel/UAH/TFG/ROS2-tutorial/lab_1/src/lab1_pkg -DCMAKE_INSTALL_PREFIX=/home/emanuel/UAH/TFG/ROS2-tutorial/lab_1/install/lab1_pkg
